<?xml version="1.0" encoding="UTF-8"?>
<!-- Generated by org.testng.reporters.JUnitReportReporter -->
<testsuite name="Driver.AppTest" tests="1" time="56.316" ignored="0" failures="0" timestamp="13 Dec 2016 14:17:27 GMT" skipped="0" hostname="Q14582" errors="0">
  <testcase name="kickStart" time="56.316" classname="Driver.AppTest"/>
</testsuite> <!-- Driver.AppTest -->
